{"/Users/nicola/workspace/volto-test/src/addons/volto-cookie-banner/src/CookieBanner.js": {"path":"/Users/nicola/workspace/volto-test/src/addons/volto-cookie-banner/src/CookieBanner.js","statementMap":{"0":{"start":{"line":5,"column":21},"end":{"line":5,"column":116}},"1":{"start":{"line":5,"column":47},"end":{"line":5,"column":116}},"2":{"start":{"line":7,"column":0},"end":{"line":10,"column":1}}},"fnMap":{"0":{"name":"(anonymous_0)","decl":{"start":{"line":5,"column":21},"end":{"line":5,"column":22}},"loc":{"start":{"line":5,"column":47},"end":{"line":5,"column":116}},"line":5}},"branchMap":{"0":{"loc":{"start":{"line":5,"column":74},"end":{"line":5,"column":92}},"type":"binary-expr","locations":[{"start":{"line":5,"column":74},"end":{"line":5,"column":84}},{"start":{"line":5,"column":88},"end":{"line":5,"column":92}}],"line":5}},"s":{"0":1,"1":2,"2":1},"f":{"0":2},"b":{"0":[2,2]},"_coverageSchema":"1a1c01bbd47fc00a2c39e90264f33305004495a9","hash":"8aa8f379f95f0b24589518232f5e2e9253d365c1"}
}
